Determining if the pthread_create exist failed with the following output:
Change Dir: /home/nakata/realsense_examples/canvas_searching/camera_ws/build/kuka_rs/CMakeFiles/CMakeTmp

Run Build Command:"/usr/bin/make" "cmTC_96ae8/fast"
/usr/bin/make -f CMakeFiles/cmTC_96ae8.dir/build.make CMakeFiles/cmTC_96ae8.dir/build
make[1]: Entering directory '/home/nakata/realsense_examples/canvas_searching/camera_ws/build/kuka_rs/CMakeFiles/CMakeTmp'
Building C object CMakeFiles/cmTC_96ae8.dir/CheckSymbolExists.c.o
/usr/bin/cc    -o CMakeFiles/cmTC_96ae8.dir/CheckSymbolExists.c.o   -c /home/nakata/realsense_examples/canvas_searching/camera_ws/build/kuka_rs/CMakeFiles/CMakeTmp/CheckSymbolExists.c
Linking C executable cmTC_96ae8
/usr/bin/cmake -E cmake_link_script CMakeFiles/cmTC_96ae8.dir/link.txt --verbose=1
/usr/bin/cc      -rdynamic CMakeFiles/cmTC_96ae8.dir/CheckSymbolExists.c.o  -o cmTC_96ae8 
CMakeFiles/cmTC_96ae8.dir/CheckSymbolExists.c.o: In function `main':
CheckSymbolExists.c:(.text+0x1b): undefined reference to `pthread_create'
collect2: error: ld returned 1 exit status
CMakeFiles/cmTC_96ae8.dir/build.make:97: recipe for target 'cmTC_96ae8' failed
make[1]: *** [cmTC_96ae8] Error 1
make[1]: Leaving directory '/home/nakata/realsense_examples/canvas_searching/camera_ws/build/kuka_rs/CMakeFiles/CMakeTmp'
Makefile:126: recipe for target 'cmTC_96ae8/fast' failed
make: *** [cmTC_96ae8/fast] Error 2

File /home/nakata/realsense_examples/canvas_searching/camera_ws/build/kuka_rs/CMakeFiles/CMakeTmp/CheckSymbolExists.c:
/* */
#include <pthread.h>

int main(int argc, char** argv)
{
  (void)argv;
#ifndef pthread_create
  return ((int*)(&pthread_create))[argc];
#else
  (void)argc;
  return 0;
#endif
}

Determining if the function pthread_create exists in the pthreads failed with the following output:
Change Dir: /home/nakata/realsense_examples/canvas_searching/camera_ws/build/kuka_rs/CMakeFiles/CMakeTmp

Run Build Command:"/usr/bin/make" "cmTC_06163/fast"
/usr/bin/make -f CMakeFiles/cmTC_06163.dir/build.make CMakeFiles/cmTC_06163.dir/build
make[1]: Entering directory '/home/nakata/realsense_examples/canvas_searching/camera_ws/build/kuka_rs/CMakeFiles/CMakeTmp'
Building C object CMakeFiles/cmTC_06163.dir/CheckFunctionExists.c.o
/usr/bin/cc   -DCHECK_FUNCTION_EXISTS=pthread_create   -o CMakeFiles/cmTC_06163.dir/CheckFunctionExists.c.o   -c /usr/share/cmake-3.10/Modules/CheckFunctionExists.c
Linking C executable cmTC_06163
/usr/bin/cmake -E cmake_link_script CMakeFiles/cmTC_06163.dir/link.txt --verbose=1
/usr/bin/cc  -DCHECK_FUNCTION_EXISTS=pthread_create    -rdynamic CMakeFiles/cmTC_06163.dir/CheckFunctionExists.c.o  -o cmTC_06163 -lpthreads 
/usr/bin/ld: cannot find -lpthreads
collect2: error: ld returned 1 exit status
CMakeFiles/cmTC_06163.dir/build.make:97: recipe for target 'cmTC_06163' failed
make[1]: *** [cmTC_06163] Error 1
make[1]: Leaving directory '/home/nakata/realsense_examples/canvas_searching/camera_ws/build/kuka_rs/CMakeFiles/CMakeTmp'
Makefile:126: recipe for target 'cmTC_06163/fast' failed
make: *** [cmTC_06163/fast] Error 2


